0 info it worked if it ends with ok
1 verbose cli [ 'node',
1 verbose cli   '/usr/local/bin/npm',
1 verbose cli   'install',
1 verbose cli   'ui.bootstrapAngularJS' ]
2 info using npm@2.9.1
3 info using node@v0.12.3
4 verbose install initial load of /Users/cndnikki/Desktop/Uber-Hackathon-2015-master/package.json
5 warn package.json GuerillaLove@0.0.1 No repository field.
6 verbose installManyTop reading scoped package data from /Users/cndnikki/Desktop/Uber-Hackathon-2015-master/node_modules/body-parser/package.json
7 verbose installManyTop reading scoped package data from /Users/cndnikki/Desktop/Uber-Hackathon-2015-master/node_modules/ejs/package.json
8 verbose installManyTop reading scoped package data from /Users/cndnikki/Desktop/Uber-Hackathon-2015-master/node_modules/express/package.json
9 verbose installManyTop reading scoped package data from /Users/cndnikki/Desktop/Uber-Hackathon-2015-master/node_modules/express-session/package.json
10 verbose installManyTop reading scoped package data from /Users/cndnikki/Desktop/Uber-Hackathon-2015-master/node_modules/mongoose/package.json
11 verbose installManyTop reading scoped package data from /Users/cndnikki/Desktop/Uber-Hackathon-2015-master/node_modules/passport/package.json
12 verbose installManyTop reading scoped package data from /Users/cndnikki/Desktop/Uber-Hackathon-2015-master/node_modules/passport-uber/package.json
13 verbose readDependencies loading dependencies from /Users/cndnikki/Desktop/Uber-Hackathon-2015-master/package.json
14 silly cache add args [ 'ui.bootstrapAngularJS', null ]
15 verbose cache add spec ui.bootstrapAngularJS
16 silly cache add parsed spec { raw: 'ui.bootstrapAngularJS',
16 silly cache add   scope: null,
16 silly cache add   name: 'ui.bootstrapAngularJS',
16 silly cache add   rawSpec: '',
16 silly cache add   spec: '*',
16 silly cache add   type: 'range' }
17 silly addNamed ui.bootstrapAngularJS@*
18 verbose addNamed "*" is a valid semver range for ui.bootstrapAngularJS
19 silly addNameRange { name: 'ui.bootstrapAngularJS', range: '*', hasData: false }
20 silly mapToRegistry name ui.bootstrapAngularJS
21 silly mapToRegistry using default registry
22 silly mapToRegistry registry https://registry.npmjs.org/
23 silly mapToRegistry uri https://registry.npmjs.org/ui.bootstrapAngularJS
24 verbose addNameRange registry:https://registry.npmjs.org/ui.bootstrapAngularJS not in flight; fetching
25 verbose request uri https://registry.npmjs.org/ui.bootstrapAngularJS
26 verbose request no auth needed
27 info attempt registry request try #1 at 11:38:04 PM
28 verbose request id c7c30216f8074996
29 http request GET https://registry.npmjs.org/ui.bootstrapAngularJS
30 http 404 https://registry.npmjs.org/ui.bootstrapAngularJS
31 verbose headers { server: 'CouchDB/1.5.0 (Erlang OTP/R16B03)',
31 verbose headers   'content-type': 'application/json',
31 verbose headers   'cache-control': 'max-age=0',
31 verbose headers   'content-length': '51',
31 verbose headers   'accept-ranges': 'bytes',
31 verbose headers   date: 'Sun, 31 May 2015 06:38:03 GMT',
31 verbose headers   via: '1.1 varnish',
31 verbose headers   age: '0',
31 verbose headers   connection: 'keep-alive',
31 verbose headers   'x-served-by': 'cache-sjc3125-SJC',
31 verbose headers   'x-cache': 'MISS',
31 verbose headers   'x-cache-hits': '0',
31 verbose headers   'x-timer': 'S1433054282.896746,VS0,VE154' }
32 silly get cb [ 404,
32 silly get   { server: 'CouchDB/1.5.0 (Erlang OTP/R16B03)',
32 silly get     'content-type': 'application/json',
32 silly get     'cache-control': 'max-age=0',
32 silly get     'content-length': '51',
32 silly get     'accept-ranges': 'bytes',
32 silly get     date: 'Sun, 31 May 2015 06:38:03 GMT',
32 silly get     via: '1.1 varnish',
32 silly get     age: '0',
32 silly get     connection: 'keep-alive',
32 silly get     'x-served-by': 'cache-sjc3125-SJC',
32 silly get     'x-cache': 'MISS',
32 silly get     'x-cache-hits': '0',
32 silly get     'x-timer': 'S1433054282.896746,VS0,VE154' } ]
33 verbose stack Error: 404 Not Found: ui.bootstrapAngularJS
33 verbose stack     at CachingRegistryClient.<anonymous> (/usr/local/lib/node_modules/npm/node_modules/npm-registry-client/lib/request.js:245:14)
33 verbose stack     at Request._callback (/usr/local/lib/node_modules/npm/node_modules/npm-registry-client/lib/request.js:170:14)
33 verbose stack     at Request.self.callback (/usr/local/lib/node_modules/npm/node_modules/request/request.js:368:22)
33 verbose stack     at Request.emit (events.js:110:17)
33 verbose stack     at Request.<anonymous> (/usr/local/lib/node_modules/npm/node_modules/request/request.js:1219:14)
33 verbose stack     at Request.emit (events.js:129:20)
33 verbose stack     at IncomingMessage.<anonymous> (/usr/local/lib/node_modules/npm/node_modules/request/request.js:1167:12)
33 verbose stack     at IncomingMessage.emit (events.js:129:20)
33 verbose stack     at _stream_readable.js:908:16
33 verbose stack     at process._tickCallback (node.js:355:11)
34 verbose statusCode 404
35 verbose pkgid ui.bootstrapAngularJS
36 verbose cwd /Users/cndnikki/Desktop/Uber-Hackathon-2015-master
37 error Darwin 14.3.0
38 error argv "node" "/usr/local/bin/npm" "install" "ui.bootstrapAngularJS"
39 error node v0.12.3
40 error npm  v2.9.1
41 error code E404
42 error 404 Not Found: ui.bootstrapAngularJS
42 error 404
42 error 404 'ui.bootstrapAngularJS' is not in the npm registry.
42 error 404 You should bug the author to publish it (or use the name yourself!)
42 error 404 It was specified as a dependency of 'GuerillaLove'
42 error 404
42 error 404 Note that you can also install from a
42 error 404 tarball, folder, http url, or git url.
43 verbose exit [ 1, true ]
